<?xml version="1.0" encoding="UTF-8"?>
<testsuite xmlns:xsi="http://www.w3.org/2001/XMLSchema-instance" xsi:noNamespaceSchemaLocation="https://maven.apache.org/surefire/maven-surefire-plugin/xsd/surefire-test-report-3.0.xsd" version="3.0" name="com.warlogistics.OptimizationServiceTest" time="5.98" tests="1" errors="0" skipped="0" failures="0">
  <properties>
[...]
</properties>
  <testcase name="testOptimize" classname="com.warlogistics.OptimizationServiceTest" time="0.402">
    <system-out><![CDATA[13:39:06.186 [main] INFO org.springframework.test.context.support.AnnotationConfigContextLoaderUtils -- Could not detect default configuration classes for test class [com.warlogistics.OptimizationServiceTest]: OptimizationServiceTest does not declare any static, non-private, non-final, nested classes annotated with @Configuration.
13:39:06.323 [main] INFO org.springframework.boot.test.context.SpringBootTestContextBootstrapper -- Found @SpringBootConfiguration com.warlogistics.WarLogisticsApplication for test class com.warlogistics.OptimizationServiceTest

  .   ____          _            __ _ _
 /\\ / ___'_ __ _ _(_)_ __  __ _ \ \ \ \
( ( )\___ | '_ | '_| | '_ \/ _` | \ \ \ \
 \\/  ___)| |_)| | | | | || (_| |  ) ) ) )
  '  |____| .__|_| |_|_| |_\__, | / / / /
 =========|_|==============|___/=/_/_/_/

 :: Spring Boot ::                (v3.3.5)

2025-10-24T13:39:06.824+05:30  INFO 16548 --- [           main] c.warlogistics.OptimizationServiceTest   : Starting OptimizationServiceTest using Java 24.0.2 with PID 16548 (started by ASUS in C:\Users\ASUS\Downloads\AOOP Project)
2025-10-24T13:39:06.827+05:30 DEBUG 16548 --- [           main] c.warlogistics.OptimizationServiceTest   : Running with Spring Boot v3.3.5, Spring v6.1.14
2025-10-24T13:39:06.829+05:30  INFO 16548 --- [           main] c.warlogistics.OptimizationServiceTest   : No active profile set, falling back to 1 default profile: "default"
2025-10-24T13:39:07.790+05:30  INFO 16548 --- [           main] .s.d.r.c.RepositoryConfigurationDelegate : Bootstrapping Spring Data JPA repositories in DEFAULT mode.
2025-10-24T13:39:07.864+05:30  INFO 16548 --- [           main] .s.d.r.c.RepositoryConfigurationDelegate : Finished Spring Data repository scanning in 64 ms. Found 2 JPA repository interfaces.
2025-10-24T13:39:08.454+05:30  INFO 16548 --- [           main] o.hibernate.jpa.internal.util.LogHelper  : HHH000204: Processing PersistenceUnitInfo [name: default]
2025-10-24T13:39:08.532+05:30  INFO 16548 --- [           main] org.hibernate.Version                    : HHH000412: Hibernate ORM core version 6.5.3.Final
2025-10-24T13:39:08.574+05:30  INFO 16548 --- [           main] o.h.c.internal.RegionFactoryInitiator    : HHH000026: Second-level cache disabled
2025-10-24T13:39:08.994+05:30  INFO 16548 --- [           main] o.s.o.j.p.SpringPersistenceUnitInfo      : No LoadTimeWeaver setup: ignoring JPA class transformer
2025-10-24T13:39:09.035+05:30  INFO 16548 --- [           main] com.zaxxer.hikari.HikariDataSource       : HikariPool-1 - Starting...
2025-10-24T13:39:09.262+05:30  INFO 16548 --- [           main] com.zaxxer.hikari.pool.HikariPool        : HikariPool-1 - Added connection conn0: url=jdbc:h2:mem:testdb user=SA
2025-10-24T13:39:09.264+05:30  INFO 16548 --- [           main] com.zaxxer.hikari.HikariDataSource       : HikariPool-1 - Start completed.
2025-10-24T13:39:09.291+05:30  WARN 16548 --- [           main] org.hibernate.orm.deprecation            : HHH90000025: H2Dialect does not need to be specified explicitly using 'hibernate.dialect' (remove the property setting and it will be selected by default)
2025-10-24T13:39:10.099+05:30  INFO 16548 --- [           main] o.h.e.t.j.p.i.JtaPlatformInitiator       : HHH000489: No JTA platform available (set 'hibernate.transaction.jta.platform' to enable JTA platform integration)
Hibernate: drop table if exists logistics cascade 
Hibernate: drop table if exists role cascade 
Hibernate: drop table if exists users cascade 
Hibernate: create table logistics (priority integer not null, safety_factor float(53) not null, time_constraint integer not null, volume integer not null, weight integer not null, id bigint generated by default as identity, destination varchar(255), origin varchar(255), primary key (id))
Hibernate: create table role (id bigint generated by default as identity, name varchar(255), primary key (id))
Hibernate: create table users (id bigint generated by default as identity, role_id bigint, password varchar(255), username varchar(255), primary key (id))
Hibernate: alter table if exists users add constraint FK4qu1gr772nnf6ve5af002rwya foreign key (role_id) references role
2025-10-24T13:39:10.147+05:30  INFO 16548 --- [           main] j.LocalContainerEntityManagerFactoryBean : Initialized JPA EntityManagerFactory for persistence unit 'default'
2025-10-24T13:39:10.655+05:30  WARN 16548 --- [           main] JpaBaseConfiguration$JpaWebConfiguration : spring.jpa.open-in-view is enabled by default. Therefore, database queries may be performed during view rendering. Explicitly configure spring.jpa.open-in-view to disable this warning
2025-10-24T13:39:10.691+05:30  WARN 16548 --- [           main] .s.s.UserDetailsServiceAutoConfiguration : 

Using generated security password: 7817e5f2-4fdb-4db3-91ed-f6f49f24ef7f

This generated password is for development use only. Your security configuration must be updated before running your application in production.

2025-10-24T13:39:10.703+05:30  INFO 16548 --- [           main] r$InitializeUserDetailsManagerConfigurer : Global AuthenticationManager configured with UserDetailsService bean with name inMemoryUserDetailsManager
2025-10-24T13:39:11.407+05:30  INFO 16548 --- [           main] o.s.b.a.h2.H2ConsoleAutoConfiguration    : H2 console available at '/h2-console'. Database available at 'jdbc:h2:mem:testdb'
2025-10-24T13:39:11.528+05:30  INFO 16548 --- [           main] c.warlogistics.OptimizationServiceTest   : Started OptimizationServiceTest in 5.047 seconds (process running for 6.166)

==================================================
War Logistics Optimizer is running!
Local access: http://localhost:8080
Network access: http://172.20.10.5:8080
H2 Console: http://localhost:8080/h2-console
==================================================

Desktop not supported, please open browser manually at: http://localhost:8080
]]></system-out>
    <system-err><![CDATA[WARNING: A Java agent has been loaded dynamically (C:\Users\ASUS\.m2\repository\net\bytebuddy\byte-buddy-agent\1.14.19\byte-buddy-agent-1.14.19.jar)
WARNING: If a serviceability tool is in use, please run with -XX:+EnableDynamicAgentLoading to hide this warning
WARNING: If a serviceability tool is not in use, please run with -Djdk.instrument.traceUsage for more information
WARNING: Dynamic loading of agents will be disallowed by default in a future release
]]></system-err>
  </testcase>
</testsuite>